<?xml version="1.0" encoding="UTF-8"?>
<!-- Generated by org.testng.reporters.JUnitReportReporter -->
<testsuite hostname="DESKTOP-TIC5DM4" failures="0" tests="8" name="runners.TestRunner" time="5.595" errors="0" timestamp="2024-09-05T10:17:13 IST" skipped="0">
  <testcase classname="runners.TestRunner" name="runScenario" time="4.641"/>
  <system-out/>
  <testcase classname="runners.TestRunner" name="runScenario" time="0.102"/>
  <system-out/>
  <testcase classname="runners.TestRunner" name="runScenario" time="0.093"/>
  <system-out/>
  <testcase classname="runners.TestRunner" name="runScenario" time="0.245"/>
  <system-out/>
  <testcase classname="runners.TestRunner" name="runScenario" time="0.138"/>
  <system-out/>
  <testcase classname="runners.TestRunner" name="runScenario" time="0.135"/>
  <system-out/>
  <testcase classname="runners.TestRunner" name="runScenario" time="0.108"/>
  <system-out/>
  <testcase classname="runners.TestRunner" name="runScenario" time="0.133"/>
  <system-out/>
</testsuite> <!-- runners.TestRunner -->
