<?xml version="1.0" encoding="UTF-8"?>
<!-- Generated by org.testng.reporters.JUnitReportReporter -->
<testsuite hostname="DESKTOP-TIC5DM4" failures="0" tests="8" name="runners.TestRunner" time="6.056" errors="0" timestamp="2024-09-05T11:10:45 IST" skipped="0">
  <testcase classname="runners.TestRunner" name="runScenario" time="0.125"/>
  <system-out/>
  <testcase classname="runners.TestRunner" name="runScenario" time="0.086"/>
  <system-out/>
  <testcase classname="runners.TestRunner" name="runScenario" time="0.136"/>
  <system-out/>
  <testcase classname="runners.TestRunner" name="runScenario" time="0.095"/>
  <system-out/>
  <testcase classname="runners.TestRunner" name="runScenario" time="0.083"/>
  <system-out/>
  <testcase classname="runners.TestRunner" name="runScenario" time="5.379"/>
  <system-out/>
  <testcase classname="runners.TestRunner" name="runScenario" time="0.064"/>
  <system-out/>
  <testcase classname="runners.TestRunner" name="runScenario" time="0.088"/>
  <system-out/>
</testsuite> <!-- runners.TestRunner -->
